
开始处理文件: n4_vocab.json
总共 668 条，需要翻译 318 条
[351/668] 翻译: they (usually male)
[352/668] 翻译: full, to the utmost
[353/668] 翻译: America, U.S.A.
[354/668] 翻译: man; male
[355/668] 翻译: reason
[356/668] 翻译: production; to produce
[357/668] 翻译: kimono; Japanese traditional dress
[358/668] 翻译: a toy
[359/668] 翻译: to get dark, to come to an end
[360/668] 翻译: to fish
已保存进度 (10/true)
[361/668] 翻译: suffix for familiar (female) person
[362/668] 翻译: to hit, to strike
[363/668] 翻译: such, like that
[364/668] 翻译: to apologize
[365/668] 翻译: daytime, during the day
[366/668] 翻译: education
[367/668] 翻译: woman
[368/668] 翻译: uncooked rice
[369/668] 翻译: hindrance, intrusion
[370/668] 翻译: international
已保存进度 (20/true)
[371/668] 翻译: corner
[372/668] 翻译: humble form of 行く (いく), 聞く (きく) and 来る (くる)
[373/668] 翻译: the week after next
[374/668] 翻译: a dream
[375/668] 翻译: throat
[376/668] 翻译: recently, nowadays, in recent years, most recent, latest
[377/668] 翻译: surroundings
[378/668] 翻译: history
[379/668] 翻译: inconvenience
[380/668] 翻译: blood
已保存进度 (30/true)
[381/668] 翻译: to continue doing ~
[382/668] 翻译: hair, fur
[383/668] 翻译: terrible, awful, unfair, cruel
[384/668] 翻译: for example, e.g.
[385/668] 翻译: very, considerably, quite
[386/668] 翻译: extremely
[387/668] 翻译: easy to do ~
[388/668] 翻译: closet
[389/668] 翻译: electric light
[390/668] 翻译: to scold
已保存进度 (40/true)
[391/668] 翻译: sandal
[392/668] 翻译: to be surprised
[393/668] 翻译: delicious; skillful; fortunate
[394/668] 翻译: to change, to alter, to vary
[395/668] 翻译: auditorium
[396/668] 翻译: child
[397/668] 翻译: to boil
[398/668] 翻译: register
[399/668] 翻译: little while
[400/668] 翻译: particularly
已保存进度 (50/true)
[401/668] 翻译: to open, to become empty (vacant)
[402/668] 翻译: plan, project, schedule
[403/668] 翻译: ~ Street, ~ Avenue
[404/668] 翻译: underwear
[405/668] 翻译: economics, finance, economy
[406/668] 翻译: like this, this way
[407/668] 翻译: certainly, by all means; without fail
[408/668] 翻译: reverse side, back
[409/668] 翻译: good, advantage, in order to
[410/668] 翻译: (hon.) to be
已保存进度 (60/true)
[411/668] 翻译: to change (v.i.), to be transformed, to vary
[412/668] 翻译: other than, with the exception of, excepting
[413/668] 翻译: to finish, to end
[414/668] 翻译: hamburger steak
[415/668] 翻译: city
[416/668] 翻译: drawer
[417/668] 翻译: play
[418/668] 翻译: preparation
[419/668] 翻译: to start doing ~
[420/668] 翻译: to be visible; -- polite verb meaning 来る (くる) --
已保存进度 (70/true)
[421/668] 翻译: enough
[422/668] 翻译: sound, note
[423/668] 翻译: surely, definitely, undoubtedly, certainly
[424/668] 翻译: first (of all), to start with
[425/668] 翻译: far away, distant
[426/668] 翻译: approximately; in most cases; in general; to begin with (same as もともと)
[427/668] 翻译: to break, to be folded, to give in; to turn (a corner)
[428/668] 翻译: correct
[429/668] 翻译: import
[430/668] 翻译: reply, answer
已保存进度 (80/true)
[431/668] 翻译: metropolitan
[432/668] 翻译: industry
[433/668] 翻译: to convey (a message); to tell, to report
[434/668] 翻译: rich person
[435/668] 翻译: explanation
[436/668] 翻译: island
[437/668] 翻译: tool
[438/668] 翻译: to slide, to slip
[439/668] 翻译: to that degree; extent
[440/668] 翻译: more than; this is all
已保存进度 (90/true)
[441/668] 翻译: as it is
[442/668] 翻译: limited express (train faster than an express)
[443/668] 翻译: present, gift
[444/668] 翻译: according to ~
[445/668] 翻译: wife (humble)
[446/668] 翻译: return, coming back
[447/668] 翻译: condition, state, health
[448/668] 翻译: solid, hard, firm
[449/668] 翻译: parking lot
[450/668] 翻译: suit
已保存进度 (100/true)
[451/668] 翻译: danger, risk, hazard
[452/668] 翻译: hair
[453/668] 翻译: weather forecast
[454/668] 翻译: girlfriend; she
[455/668] 翻译: space, interval
[456/668] 翻译: graduation
[457/668] 翻译: and (conj.), thereupon, because of that
[458/668] 翻译: branch, twig
[459/668] 翻译: major; speciality
[460/668] 翻译: gradually, soon
已保存进度 (110/true)
[461/668] 翻译: to send, to dispatch
[462/668] 翻译: to give
[463/668] 翻译: to make noise, to clamor
[464/668] 翻译: to inquire (same as 質問する)
[465/668] 翻译: broadcasting
[466/668] 翻译: politics
[467/668] 翻译: citizen
[468/668] 翻译: fax
[469/668] 翻译: to lose (a game) (v.i.), to be defeated
[470/668] 翻译: (finger) ring
已保存进度 (120/true)
[471/668] 翻译: rural, countryside
[472/668] 翻译: to discover, to find (v.t.)
[473/668] 翻译: high school student
[474/668] 翻译: a lecture
[475/668] 翻译: so much, like that
[476/668] 翻译: lunch break, noon recess
[477/668] 翻译: lost article, something forgotten
[478/668] 翻译: to get down, to go; come down
[479/668] 翻译: arm (in reference to body)
[480/668] 翻译: reason; explanation
已保存进度 (130/true)
[481/668] 翻译: consent, acceptance
[482/668] 翻译: diary, journal
[483/668] 翻译: high school; senior high school
[484/668] 翻译: to resemble, to be similar
[485/668] 翻译: to finish doing ~
[486/668] 翻译: heating
[487/668] 翻译: absence; not at home
[488/668] 翻译: rate, ratio, percentage
[489/668] 翻译: Buddhist temple
[490/668] 翻译: to grow accustomed to
已保存进度 (140/true)
[491/668] 翻译: common; usual
[492/668] 翻译: to help
[493/668] 翻译: I see; I now understand
[494/668] 翻译: (hon.) to give, to confer
[495/668] 翻译: (humble) son
[496/668] 翻译: (someone else's) child (polite)
[497/668] 翻译: venue, meeting place
[498/668] 翻译: to laugh, to smile
[499/668] 翻译: to transport, to carry
[500/668] 翻译: literature
已保存进度 (150/true)
[501/668] 翻译: light
[502/668] 翻译: calling on someone who is ill, visit
[503/668] 翻译: a seat
[504/668] 翻译: Mr., Mrs., Ms.
[505/668] 翻译: knowing, acquaintance
[506/668] 翻译: to descend, to drop, to fall
[507/668] 翻译: letter; character
[508/668] 翻译: Asia
[509/668] 翻译: to praise; to say nice things
[510/668] 翻译: to be empty (in reference to people), to be less crowded
已保存进度 (160/true)
[511/668] 翻译: Ah
[512/668] 翻译: most
[513/668] 翻译: to fit, to match
[514/668] 翻译: ~ age; period
[515/668] 翻译: last, end
[516/668] 翻译: price
[517/668] 翻译: leaving hospital
[518/668] 翻译: exhibition
[519/668] 翻译: it has been a long time; for the first time in a long time
[520/668] 翻译: curtain
已保存进度 (170/true)
[521/668] 翻译: train (steam)
[522/668] 翻译: to (be) become late
[523/668] 翻译: to be found (v.i.), to be discovered
[524/668] 翻译: -- honorific form of 食べる (たべる) and 飲む (のむ) --
[525/668] 翻译: to gain weight
[526/668] 翻译: injection
[527/668] 翻译: way, manner, kind
[528/668] 翻译: after every ~
[529/668] 翻译: beginning, first
[530/668] 翻译: honorable ~
已保存进度 (180/true)
[531/668] 翻译: peace of mind, relief
[532/668] 翻译: to be fixed
[533/668] 翻译: to collect, to gather (v.t.), to assemble
[534/668] 翻译: to correct (v.t.); to fix
[535/668] 翻译: to be continued
[536/668] 翻译: senior members of a group
[537/668] 翻译: arrangement, appointment, promise
[538/668] 翻译: looking after; to look after
[539/668] 翻译: neighborhood
[540/668] 翻译: (in the) future; prospects
已保存进度 (190/true)
[541/668] 翻译: hundred million
[542/668] 翻译: mathematics
[543/668] 翻译: culture
[544/668] 翻译: to pay
[545/668] 翻译: custom (in reference to culture)
[546/668] 翻译: to burn, to be roasted
[547/668] 翻译: you (informal for men)
[548/668] 翻译: to grow cold, to cool down
[549/668] 翻译: to be started, to be switched on
[550/668] 翻译: the other day, recently
已保存进度 (200/true)
[551/668] 翻译: appearance, manner, shape, form, posture
[552/668] 翻译: to mind, to care about, to be concerned about
[553/668] 翻译: to continue, to keep up
[554/668] 翻译: to drop, to lose
[555/668] 翻译: tomorrow
[556/668] 翻译: departure
[557/668] 翻译: (humble) (polite) seeing, look at
[558/668] 翻译: to break
[559/668] 翻译: back (of body)
[560/668] 翻译: newspaper company
已保存进度 (210/true)
[561/668] 翻译: to bully, to torment
[562/668] 翻译: to go around, to revolve
[563/668] 翻译: Mr. (junior) ~, master ~
[564/668] 翻译: -- honorific expression for いう --
[565/668] 翻译: sleepy, drowsy
[566/668] 翻译: to get wet
[567/668] 翻译: to collapse, to break down
[568/668] 翻译: supermarket
[569/668] 翻译: accessory
[570/668] 翻译: to think (about); to consider
已保存进度 (220/true)
[571/668] 翻译: to face, to go towards
[572/668] 翻译: freedom
[573/668] 翻译: way (of doing something)
[574/668] 翻译: neck
[575/668] 翻译: degree, extent
[576/668] 翻译: substitute, replacement
[577/668] 翻译: failure, mistake
[578/668] 翻译: (manufacturing) industry
[579/668] 翻译: to move (from a house); to transfer (from a department); to shift
[580/668] 翻译: suitcase
已保存进度 (230/true)
[581/668] 翻译: beard
[582/668] 翻译: the professor's office; laboratory
[583/668] 翻译: factory
[584/668] 翻译: an introduction
[585/668] 翻译: but, although
[586/668] 翻译: ship, boat
[587/668] 翻译: to move
[588/668] 翻译: about, concerning
[589/668] 翻译: concert
[590/668] 翻译: insect
已保存进度 (240/true)
[591/668] 翻译: kind (person), gentle (person), easy (problem)
[592/668] 翻译: computer
[593/668] 翻译: to plant
[594/668] 翻译: both sides, both parties
[595/668] 翻译: to become dirty
[596/668] 翻译: swimming
[597/668] 翻译: experience
[598/668] 翻译: to win
[599/668] 翻译: sand
[600/668] 翻译: police; police station
已保存进度 (250/true)
[601/668] 翻译: to exchange, to replace
[602/668] 翻译: to hurry, to be in a hurry, to rush
[603/668] 翻译: simple
[604/668] 翻译: humble expression for 行く and 来る
[605/668] 翻译: not at all; wholly, entirely
[606/668] 翻译: special
[607/668] 翻译: review (of lessons), revision
[608/668] 翻译: to be in time for
[609/668] 翻译: to be helpful, to be useful
[610/668] 翻译: very soon; in a few moments; days
已保存进度 (260/true)
[611/668] 翻译: middle, center
[612/668] 翻译: to return (v.i.); to come back
[613/668] 翻译: study, research, investigation
[614/668] 翻译: cake
[615/668] 翻译: grass
[616/668] 翻译: to be crowded
[617/668] 翻译: these days, nowadays
[618/668] 翻译: to visit
[619/668] 翻译: to lower (v.t.); to hang
[620/668] 翻译: cherry-blossom viewing
已保存进度 (270/true)
[621/668] 翻译: on the way, midway
[622/668] 翻译: hospitalization
[623/668] 翻译: to transfer (trains), to change (bus, train, etc.)
[624/668] 翻译: to part from, to separate
[625/668] 翻译: the town of ~
[626/668] 翻译: safety, security
[627/668] 翻译: (female) nurse
[628/668] 翻译: sightseeing
[629/668] 翻译: consultation
[630/668] 翻译: gas station, service station
已保存进度 (280/true)
[631/668] 翻译: tennis
[632/668] 翻译: to sleep
[633/668] 翻译: to rise, to go up
[634/668] 翻译: translation
[635/668] 翻译: meal
[636/668] 翻译: thanks or owing to
[637/668] 翻译: daughter (humble)
[638/668] 翻译: hot water
[639/668] 翻译: competition, contest
[640/668] 翻译: business meeting; conference
已保存进度 (290/true)
[641/668] 翻译: lake
[642/668] 翻译: to gather (v.i.), to collect
[643/668] 翻译: difficult to do ~
[644/668] 翻译: living, life; to live
[645/668] 翻译: thread
[646/668] 翻译: relation(ship), connection
[647/668] 翻译: piano
[648/668] 翻译: number ~ sequence, ~nd; ~th
[649/668] 翻译: broadcast program
[650/668] 翻译: urgent, sudden; steep
已保存进度 (300/true)
[651/668] 翻译: shelves, rack
[652/668] 翻译: cotton
[653/668] 翻译: export
[654/668] 翻译: type, style
[655/668] 翻译: pickpocket
[656/668] 翻译: to be happy; to be glad
[657/668] 翻译: alcohol
[658/668] 翻译: soft; soft hat; software
[659/668] 翻译: Shinto shrine
[660/668] 翻译: fairly well, to a large extent, considerably, pretty much
已保存进度 (310/true)
[661/668] 翻译: pleasure, joy
[662/668] 翻译: hobby; pastime
[663/668] 翻译: telegram
[664/668] 翻译: (one's own) wife
[665/668] 翻译: finger
[666/668] 翻译: from now on, after this
[667/668] 翻译: occasionally
[668/668] 翻译: society

完成! 已处理 318 条翻译

开始处理文件: n5_vocab.json
总共 718 条，需要翻译 718 条
[1/718] 翻译: Ah!, Oh!
[2/718] 翻译: to meet, to see
[3/718] 翻译: blue
[4/718] 翻译: blue
[5/718] 翻译: red
[6/718] 翻译: red
[7/718] 翻译: bright (in reference to personality or weather); cheerful
[8/718] 翻译: fall (season)
[9/718] 翻译: to open, to become open
[10/718] 翻译: to open (v.t.)
已保存进度 (10/true)
[11/718] 翻译: to raise, to lift
[12/718] 翻译: morning
[13/718] 翻译: breakfast
[14/718] 翻译: day after tomorrow
[15/718] 翻译: foot; leg
[16/718] 翻译: tomorrow
[17/718] 翻译: there, over there, that place
[18/718] 翻译: to play; to spend time pleasantly; to hang out
[19/718] 翻译: warm
[20/718] 翻译: head
已保存进度 (20/true)
[21/718] 翻译: new
[22/718] 翻译: this way (polite)
[23/718] 翻译: hot (in reference to weather), warm
[24/718] 翻译: hot (objects)
[25/718] 翻译: kind, warm(hearted), thick, deep
[26/718] 翻译: over there
[27/718] 翻译: afterwards (later); in the future; the rest; since then
[28/718] 翻译: you
[29/718] 翻译: (my) older brother (humble)
[30/718] 翻译: (my) older sister (humble)
已保存进度 (30/true)
[31/718] 翻译: apartment (abbr.)
[32/718] 翻译: that over there; like that, that way; um...
[33/718] 翻译: to bathe, to shower
[34/718] 翻译: dangerous, critical
[35/718] 翻译: generous, sweet
[36/718] 翻译: not very; surplus
[37/718] 翻译: rain
[38/718] 翻译: (hard) candy
[39/718] 翻译: to wash
[40/718] 翻译: to be, to have
已保存进度 (40/true)
[41/718] 翻译: to be, to have
[42/718] 翻译: to walk
[43/718] 翻译: that one (over there)
[44/718] 翻译: good
[45/718] 翻译: no, not at all
[46/718] 翻译: to say
[47/718] 翻译: house, home
[48/718] 翻译: how, in what way
[49/718] 翻译: to go
[50/718] 翻译: how many, how old
已保存进度 (50/true)
[51/718] 翻译: how much, how many
[52/718] 翻译: pond
[53/718] 翻译: doctor; physician
[54/718] 翻译: chair
[55/718] 翻译: busy (people, days)
[56/718] 翻译: hurt; painful; sore
[57/718] 翻译: one
[58/718] 翻译: one day (duration)
[59/718] 翻译: best (most), first, number one
[60/718] 翻译: when
已保存进度 (60/true)
[61/718] 翻译: five days; fifth day of the month
[62/718] 翻译: together
[63/718] 翻译: five things
[64/718] 翻译: always, usually, every time, never (with neg. verb)
[65/718] 翻译: dog
[66/718] 翻译: now
[67/718] 翻译: meaning, significance
[68/718] 翻译: younger sister (humble)
[69/718] 翻译: disagreeable, detestable, unpleasant
[70/718] 翻译: entrance
已保存进度 (70/true)
[71/718] 翻译: (humble) to be (animate), to exist
[72/718] 翻译: to need
[73/718] 翻译: to put in
[74/718] 翻译: color
[75/718] 翻译: various
[76/718] 翻译: above (up, top, etc.), over, on top of
[77/718] 翻译: back, behind, rear
[78/718] 翻译: thin, weak
[79/718] 翻译: a song
[80/718] 翻译: to sing
已保存进度 (80/true)
[81/718] 翻译: home; house; my place
[82/718] 翻译: to be born
[83/718] 翻译: sea, beach
[84/718] 翻译: to sell (v.t.)
[85/718] 翻译: noisy; annoying
[86/718] 翻译: coat, jacket
[87/718] 翻译: a painting; a picture; a drawing
[88/718] 翻译: movie, film
[89/718] 翻译: movie theater, cinema
[90/718] 翻译: English (language)
已保存进度 (90/true)
[91/718] 翻译: yes
[92/718] 翻译: station
[93/718] 翻译: elevator
[94/718] 翻译: Yen
[95/718] 翻译: pencil
[96/718] 翻译: honorable ~ (honorific)
[97/718] 翻译: delicious, tasty
[98/718] 翻译: many; there are a lot
[99/718] 翻译: big, large
[100/718] 翻译: big
已保存进度 (100/true)
[101/718] 翻译: great number of people
[102/718] 翻译: mother (formal)
[103/718] 翻译: confections, sweets, snack
[104/718] 翻译: money
[105/718] 翻译: to get up (e.g., from sleeping); to happen
[106/718] 翻译: to put; to lay; to place
[107/718] 翻译: (someone else's) wife (hon.)
[108/718] 翻译: sake; alcohol
[109/718] 翻译: plate, dish
[110/718] 翻译: uncle, middle-aged man
已保存进度 (110/true)
[111/718] 翻译: grandfather, male senior citizen
[112/718] 翻译: to teach, to inform, to instruct
[113/718] 翻译: to push, to press, to stamp (e.g., a passport)
[114/718] 翻译: slow; (to be) late
[115/718] 翻译: (green) tea
[116/718] 翻译: toilet, restroom, bathroom (lit., a place to wash one's hands)
[117/718] 翻译: father (formal)
[118/718] 翻译: younger brother
[119/718] 翻译: man, male
[120/718] 翻译: boy
已保存进度 (120/true)
[121/718] 翻译: the day before yesterday
[122/718] 翻译: year before last
[123/718] 翻译: adult
[124/718] 翻译: stomach
[125/718] 翻译: same, identical
[126/718] 翻译: (someone else's) older brother (formal)
[127/718] 翻译: older sister (formal)
[128/718] 翻译: aunt
[129/718] 翻译: grandmother, female senior-citizen
[130/718] 翻译: a bath
已保存进度 (130/true)
[131/718] 翻译: a boxed lunch
[132/718] 翻译: to learn, to commit to memory, to remember, to memorize
[133/718] 翻译: policeman (friendly term)
[134/718] 翻译: heavy; serious
[135/718] 翻译: interesting, amusing
[136/718] 翻译: to swim
[137/718] 翻译: to get off
[138/718] 翻译: to finish, to close
[139/718] 翻译: Music
[140/718] 翻译: woman, female
已保存进度 (140/true)
[141/718] 翻译: girl
[142/718] 翻译: counter for occurrences (~ times)
[143/718] 翻译: counter for stories (floors) of a building
[144/718] 翻译: foreign country; abroad
[145/718] 翻译: foreigner
[146/718] 翻译: company, corporation
[147/718] 翻译: stairs
[148/718] 翻译: shopping
[149/718] 翻译: to buy
[150/718] 翻译: to return something
已保存进度 (150/true)
[151/718] 翻译: to go back, to go home, to return
[152/718] 翻译: face (body part)
[153/718] 翻译: it takes (amount of time, money) (v.i.)
[154/718] 翻译: a lock; a key
[155/718] 翻译: to write
[156/718] 翻译: student
[157/718] 翻译: (number of) months
[158/718] 翻译: to put on (e.g., glasses); to hang (e.g., on a wall)
[159/718] 翻译: to dial/call (e.g., phone); to sit down
[160/718] 翻译: umbrella, parasol
已保存进度 (160/true)
[161/718] 翻译: to lend
[162/718] 翻译: wind, breeze
[163/718] 翻译: cold, flu
[164/718] 翻译: -- honorific form for 人 (ひと) --; way of doing
[165/718] 翻译: family, members of a family
[166/718] 翻译: katakana
[167/718] 翻译: month of year
[168/718] 翻译: a school
[169/718] 翻译: cup
[170/718] 翻译: home; family
已保存进度 (170/true)
[171/718] 翻译: corner (e.g., desk, pavement)
[172/718] 翻译: bag, basket
[173/718] 翻译: (flower) vase
[174/718] 翻译: to wear, to put on (e.g., a hat on the head)
[175/718] 翻译: paper
[176/718] 翻译: camera
[177/718] 翻译: Tuesday
[178/718] 翻译: hot and spicy; salty
[179/718] 翻译: body; health
[180/718] 翻译: to borrow, to owe
已保存进度 (180/true)
[181/718] 翻译: feel
[182/718] 翻译: light, non-serious, minor
[183/718] 翻译: curry (abbr. for curry and rice)
[184/718] 翻译: calendar
[185/718] 翻译: river
[186/718] 翻译: ~ side
[187/718] 翻译: cute, adorable
[188/718] 翻译: kanji; Chinese character
[189/718] 翻译: tree, wood, timber
[190/718] 翻译: yellow
已保存进度 (190/true)
[191/718] 翻译: yellow
[192/718] 翻译: to vanish, to disappear
[193/718] 翻译: to hear, to listen, to ask
[194/718] 翻译: north
[195/718] 翻译: guitar
[196/718] 翻译: dirty, unclean, filthy
[197/718] 翻译: café
[198/718] 翻译: postal (postage) stamps
[199/718] 翻译: a ticket
[200/718] 翻译: yesterday
已保存进度 (200/true)
[201/718] 翻译: nine
[202/718] 翻译: beef
[203/718] 翻译: milk
[204/718] 翻译: today, this day
[205/718] 翻译: classroom
[206/718] 翻译: siblings (humble), brothers and sisters
[207/718] 翻译: last year
[208/718] 翻译: dislike
[209/718] 翻译: to cut; to hang up (a phone)
[210/718] 翻译: to put on (clothes above your waist); to wear
已保存进度 (210/true)
[211/718] 翻译: pretty, clean, tidy
[212/718] 翻译: (abbr.) kilo (kilogram)
[213/718] 翻译: (abbr.) kilo (kilometer)
[214/718] 翻译: bank
[215/718] 翻译: Friday
[216/718] 翻译: nine
[217/718] 翻译: medicine
[218/718] 翻译: (with te-form verb) please do for me
[219/718] 翻译: fruit
[220/718] 翻译: job opening; mouth
已保存进度 (220/true)
[221/718] 翻译: shoes, footwear
[222/718] 翻译: socks
[223/718] 翻译: country; place of origin
[224/718] 翻译: cloudiness, cloudy weather
[225/718] 翻译: to become cloudy, to become dim
[226/718] 翻译: dark, gloomy
[227/718] 翻译: approximate (quantity)
[228/718] 翻译: a class
[229/718] 翻译: gram
[230/718] 翻译: to come
已保存进度 (230/true)
[231/718] 翻译: car, vehicle
[232/718] 翻译: black
[233/718] 翻译: black; dark
[234/718] 翻译: police officer
[235/718] 翻译: this morning
[236/718] 翻译: to erase, to delete, to turn off power
[237/718] 翻译: splendid; enough, tolerably
[238/718] 翻译: marriage (get married)
[239/718] 翻译: Monday
[240/718] 翻译: entrance (to a house or a building)
已保存进度 (240/true)
[241/718] 翻译: health(y), energetic
[242/718] 翻译: counter for small items (e.g., fruits, cups)
[243/718] 翻译: five
[244/718] 翻译: word, language
[245/718] 翻译: a park
[246/718] 翻译: intersection
[247/718] 翻译: black tea
[248/718] 翻译: police box
[249/718] 翻译: voice
[250/718] 翻译: coat; court (e.g., tennis)
已保存进度 (250/true)
[251/718] 翻译: coffee
[252/718] 翻译: here, this place
[253/718] 翻译: afternoon, P.M.
[254/718] 翻译: nine days; ninth day of the month
[255/718] 翻译: nine things
[256/718] 翻译: morning, A.M.
[257/718] 翻译: to answer, to reply
[258/718] 翻译: this person (polite); this way (polite)
[259/718] 翻译: this person; this direction; this side
[260/718] 翻译: a tumbler; a glass
已保存进度 (260/true)
[261/718] 翻译: this year
[262/718] 翻译: language; word(s); expression(s)
[263/718] 翻译: child(ren)
[264/718] 翻译: this
[265/718] 翻译: rice (cooked); meal
[266/718] 翻译: to copy
[267/718] 翻译: to be bothered, to have difficulty
[268/718] 翻译: this one
[269/718] 翻译: about, toward, approximately (time)
[270/718] 翻译: this month
已保存进度 (270/true)
[271/718] 翻译: this week
[272/718] 翻译: such, like this
[273/718] 翻译: tonight, this evening
[274/718] 翻译: come now, well
[275/718] 翻译: ~ years old
[276/718] 翻译: wallet
[277/718] 翻译: fish
[278/718] 翻译: future; recent, previous
[279/718] 翻译: to bloom
[280/718] 翻译: essay; composition
已保存进度 (280/true)
[281/718] 翻译: to raise (stretch out) hands, to raise (e.g., umbrella)
[282/718] 翻译: counter for books
[283/718] 翻译: magazine, journal
[284/718] 翻译: sugar
[285/718] 翻译: cold (in reference to weather)
[286/718] 翻译: year after next
[287/718] 翻译: Mr. ~, Ms. ~
[288/718] 翻译: three
[289/718] 翻译: walk, stroll
[290/718] 翻译: four
已保存进度 (290/true)
[291/718] 翻译: ~ o'clock (time)
[292/718] 翻译: salt
[293/718] 翻译: however; but
[294/718] 翻译: time
[295/718] 翻译: ~ hours
[296/718] 翻译: work, job, occupation, employment
[297/718] 翻译: dictionary
[298/718] 翻译: quiet, calm
[299/718] 翻译: under, below, beneath
[300/718] 翻译: seven
已保存进度 (300/true)
[301/718] 翻译: question, inquiry
[302/718] 翻译: bicycle
[303/718] 翻译: automobile
[304/718] 翻译: to die
[305/718] 翻译: dictionary
[306/718] 翻译: myself, oneself
[307/718] 翻译: to close, to be closed
[308/718] 翻译: to close, to shut
[309/718] 翻译: to tie, to fasten, to tighten
[310/718] 翻译: well, well then
已保存进度 (310/true)
[311/718] 翻译: a picture; a photograph
[312/718] 翻译: shirt
[313/718] 翻译: shower
[314/718] 翻译: ten
[315/718] 翻译: during, while
[316/718] 翻译: ~ weeks
[317/718] 翻译: a class (of school)
[318/718] 翻译: homework
[319/718] 翻译: be good at, skillful
[320/718] 翻译: strong, solid, durable
已保存进度 (320/true)
[321/718] 翻译: soy sauce
[322/718] 翻译: cafeteria, dining hall
[323/718] 翻译: to know, to understand
[324/718] 翻译: white
[325/718] 翻译: white
[326/718] 翻译: counter for people
[327/718] 翻译: newspaper
[328/718] 翻译: Wednesday
[329/718] 翻译: to breathe in, to suck
[330/718] 翻译: skirt
已保存进度 (330/true)
[331/718] 翻译: liking, fondness, love
[332/718] 翻译: past; to exceed, ~ too much
[333/718] 翻译: a little; a few
[334/718] 翻译: immediately, soon
[335/718] 翻译: little, few
[336/718] 翻译: cool, refreshing (in reference to weather)
[337/718] 翻译: at a time
[338/718] 翻译: heater (lit: stove)
[339/718] 翻译: spoon
[340/718] 翻译: sport(s)
已保存进度 (340/true)
[341/718] 翻译: trousers
[342/718] 翻译: to reside, to live in
[343/718] 翻译: to do, to try; to wear small items (e.g., necktie, watch, etc.)
[344/718] 翻译: to sit
[345/718] 翻译: (one's) height, stature
[346/718] 翻译: student; pupil
[347/718] 翻译: sweater
[348/718] 翻译: soap
[349/718] 翻译: men's suit
[350/718] 翻译: narrow; not spacious
已保存进度 (350/true)
[351/718] 翻译: zero
[352/718] 翻译: thousand
[353/718] 翻译: last month
[354/718] 翻译: last week
[355/718] 翻译: teacher, professor; master; doctor
[356/718] 翻译: washing, laundry
[357/718] 翻译: all, entire, whole
[358/718] 翻译: yes; appears, to be the case
[359/718] 翻译: cleaning, sweeping
[360/718] 翻译: and, like that
已保存进度 (360/true)
[361/718] 翻译: that place, there; bottom, sole
[362/718] 翻译: over there
[363/718] 翻译: over there
[364/718] 翻译: outside, exterior
[365/718] 翻译: that
[366/718] 翻译: near, close, beside; Japanese traditional buckwheat noodle
[367/718] 翻译: sky
[368/718] 翻译: that one
[369/718] 翻译: and then, after that
[370/718] 翻译: in that situation, well then...
已保存进度 (370/true)
[371/718] 翻译: counter for vehicles; machines
[372/718] 翻译: college; university
[373/718] 翻译: embassy
[374/718] 翻译: It's ok (all right); No need to worry; Everything is under control
[375/718] 翻译: very like-able, like very much
[376/718] 翻译: important
[377/718] 翻译: kitchen
[378/718] 翻译: very; difficult, hard
[379/718] 翻译: tall, high; expensive
[380/718] 翻译: only ~, just ~, as ~
已保存进度 (380/true)
[381/718] 翻译: many, much
[382/718] 翻译: taxi
[383/718] 翻译: to take (something) out; to hand in (something)
[384/718] 翻译: plural suffix
[385/718] 翻译: to stand up
[386/718] 翻译: length, height
[387/718] 翻译: building
[388/718] 翻译: enjoyable, fun
[389/718] 翻译: to request, to ask (a favor)
[390/718] 翻译: tobacco, cigarettes
已保存进度 (390/true)
[391/718] 翻译: perhaps, probably, maybe
[392/718] 翻译: food
[393/718] 翻译: to eat
[394/718] 翻译: egg
[395/718] 翻译: who
[396/718] 翻译: someone
[397/718] 翻译: birthday
[398/718] 翻译: gradually, by degrees
[399/718] 翻译: small, little
[400/718] 翻译: small, little
已保存进度 (400/true)
[401/718] 翻译: near, close by, short
[402/718] 翻译: to be different; to differ; wrong
[403/718] 翻译: nearby; in the neighborhood
[404/718] 翻译: underground train, subway
[405/718] 翻译: a map
[406/718] 翻译: (my) father
[407/718] 翻译: brown
[408/718] 翻译: rice bowl
[409/718] 翻译: during, while ~ing
[410/718] 翻译: just, right, exactly
已保存进度 (410/true)
[411/718] 翻译: a little, somewhat; just a little, somewhat
[412/718] 翻译: one day; first day of the month
[413/718] 翻译: to use
[414/718] 翻译: to get (become) tired; to become fatigued
[415/718] 翻译: next
[416/718] 翻译: to arrive at, to reach
[417/718] 翻译: desk
[418/718] 翻译: to make, to create
[419/718] 翻译: to turn on (e.g., a light); to take
[420/718] 翻译: to work (for)
已保存进度 (420/true)
[421/718] 翻译: boring, dull; insignificant
[422/718] 翻译: cold (things, people)
[423/718] 翻译: strong, powerful
[424/718] 翻译: hand
[425/718] 翻译: tape
[426/718] 翻译: tape recorder
[427/718] 翻译: table
[428/718] 翻译: to go out; to depart
[429/718] 翻译: letter
[430/718] 翻译: to be able to (to accomplish)
已保存进度 (430/true)
[431/718] 翻译: an exit
[432/718] 翻译: test
[433/718] 翻译: then, well, so
[434/718] 翻译: (abbr.) department store
[435/718] 翻译: but, however
[436/718] 翻译: to appear, to leave
[437/718] 翻译: television, TV
[438/718] 翻译: weather
[439/718] 翻译: electricity, (electric) light
[440/718] 翻译: electric train
已保存进度 (440/true)
[441/718] 翻译: a telephone
[442/718] 翻译: door (Japanese style)
[443/718] 翻译: counter for occurrences; ~ degree; ~ point
[444/718] 翻译: door (Western style)
[445/718] 翻译: bathroom; toilet
[446/718] 翻译: how, in what way
[447/718] 翻译: why, for what reason
[448/718] 翻译: please, kindly, by all means
[449/718] 翻译: animal
[450/718] 翻译: Thank you; somehow; no matter how hard one may try
已保存进度 (450/true)
[451/718] 翻译: ten (~)
[452/718] 翻译: far (away), distant
[453/718] 翻译: ten days; tenth day of the month
[454/718] 翻译: at the time of ~
[455/718] 翻译: sometimes
[456/718] 翻译: a watch; a clock
[457/718] 翻译: where, what place
[458/718] 翻译: place
[459/718] 翻译: year, age
[460/718] 翻译: library
已保存进度 (460/true)
[461/718] 翻译: which (one) (way); where (polite)
[462/718] 翻译: which one, which way
[463/718] 翻译: very (much), greatly, exceedingly
[464/718] 翻译: who
[465/718] 翻译: next to, next door to
[466/718] 翻译: which
[467/718] 翻译: to fly, to hop
[468/718] 翻译: to come to a halt
[469/718] 翻译: friend
[470/718] 翻译: Saturday
已保存进度 (470/true)
[471/718] 翻译: chicken (lit., bird)
[472/718] 翻译: chicken meat
[473/718] 翻译: to take (a class); to get (a grade)
[474/718] 翻译: to take (a photo), to make (a film)
[475/718] 翻译: which one
[476/718] 翻译: what, what kind of
[477/718] 翻译: there isn't, doesn't have
[478/718] 翻译: knife
[479/718] 翻译: inside, middle, among
[480/718] 翻译: long, lengthy
已保存进度 (480/true)
[481/718] 翻译: to make sound (animal)
[482/718] 翻译: to lose something
[483/718] 翻译: why (same as どうして)
[484/718] 翻译: summer
[485/718] 翻译: summer vacation
[486/718] 翻译: et cetera
[487/718] 翻译: seven things
[488/718] 翻译: what
[489/718] 翻译: seven days; seventh day (of the month)
[490/718] 翻译: name
已保存进度 (490/true)
[491/718] 翻译: to learn
[492/718] 翻译: to line up, to stand in a line (v.i.)
[493/718] 翻译: to put (things) side by side; to line up
[494/718] 翻译: to become
[495/718] 翻译: what sort of ~
[496/718] 翻译: two
[497/718] 翻译: bustling, busy
[498/718] 翻译: meat
[499/718] 翻译: west
[500/718] 翻译: ~ day of the month, for ~ days
已保存进度 (500/true)
[501/718] 翻译: Sunday
[502/718] 翻译: luggage; baggage
[503/718] 翻译: news
[504/718] 翻译: garden
[505/718] 翻译: counter for people
[506/718] 翻译: to take off (clothes)
[507/718] 翻译: lukewarm
[508/718] 翻译: tie, necktie
[509/718] 翻译: cat
[510/718] 翻译: to sleep; to go to sleep; to go to bed
已保存进度 (510/true)
[511/718] 翻译: ~ years
[512/718] 翻译: notebook
[513/718] 翻译: to climb
[514/718] 翻译: drink, beverage
[515/718] 翻译: to drink
[516/718] 翻译: to get on, to ride in, to board
[517/718] 翻译: tooth
[518/718] 翻译: a party
[519/718] 翻译: yes
[520/718] 翻译: counter for cupfuls
已保存进度 (520/true)
[521/718] 翻译: ashtray
[522/718] 翻译: to enter, to contain, to hold
[523/718] 翻译: postcard
[524/718] 翻译: to put on (items below your waist)
[525/718] 翻译: box
[526/718] 翻译: bridge
[527/718] 翻译: chopsticks
[528/718] 翻译: (something) begins
[529/718] 翻译: beginning, start
[530/718] 翻译: for the first time
已保存进度 (530/true)
[531/718] 翻译: to run
[532/718] 翻译: bus; bath; bass
[533/718] 翻译: butter
[534/718] 翻译: 20 years old
[535/718] 翻译: to work
[536/718] 翻译: eight
[537/718] 翻译: twenty days, twentieth (day of the month)
[538/718] 翻译: flower
[539/718] 翻译: nose
[540/718] 翻译: talk (chat), story
已保存进度 (540/true)
[541/718] 翻译: to speak
[542/718] 翻译: (my) mother
[543/718] 翻译: early
[544/718] 翻译: fast, quick
[545/718] 翻译: spring
[546/718] 翻译: to post; to paste; to attach
[547/718] 翻译: clear (sunny) weather
[548/718] 翻译: to be sunny
[549/718] 翻译: half (e.g., にじはん | half-past two)
[550/718] 翻译: evening
已保存进度 (550/true)
[551/718] 翻译: ~st; ~th best
[552/718] 翻译: bread
[553/718] 翻译: handkerchief
[554/718] 翻译: number, series of digits
[555/718] 翻译: dinner, evening meal
[556/718] 翻译: half
[557/718] 翻译: east
[558/718] 翻译: counter for small animals
[559/718] 翻译: to pull, to draw; subtract
[560/718] 翻译: to play (a string instrument or piano)
已保存进度 (560/true)
[561/718] 翻译: short, low
[562/718] 翻译: airplane
[563/718] 翻译: left hand side
[564/718] 翻译: man, person
[565/718] 翻译: one thing
[566/718] 翻译: one month
[567/718] 翻译: one person
[568/718] 翻译: free time, leisure
[569/718] 翻译: hundred
[570/718] 翻译: hospital
已保存进度 (570/true)
[571/718] 翻译: illness; sickness
[572/718] 翻译: hiragana
[573/718] 翻译: noon, daytime
[574/718] 翻译: lunch, midday meal
[575/718] 翻译: spacious; wide; broad
[576/718] 翻译: film (roll of)
[577/718] 翻译: envelope
[578/718] 翻译: swimming pool
[579/718] 翻译: fork
[580/718] 翻译: to blow (wind, etc.)
已保存进度 (580/true)
[581/718] 翻译: clothes
[582/718] 翻译: two things
[583/718] 翻译: pork
[584/718] 翻译: two people
[585/718] 翻译: two days; second day of the month
[586/718] 翻译: fat, thick
[587/718] 翻译: winter
[588/718] 翻译: to precipitate, to fall (e.g., rain, snow, etc.)
[589/718] 翻译: old (in reference to objects, not people), aged, ancient
[590/718] 翻译: ~ minutes
已保存进度 (590/true)
[591/718] 翻译: sentence, text
[592/718] 翻译: a page
[593/718] 翻译: unskillful, poor
[594/718] 翻译: bed
[595/718] 翻译: pet
[596/718] 翻译: a room
[597/718] 翻译: area, vicinity
[598/718] 翻译: pen
[599/718] 翻译: study
[600/718] 翻译: convenient, handy
已保存进度 (600/true)
[601/718] 翻译: hat; cap
[602/718] 翻译: ball-point pen
[603/718] 翻译: other, the rest
[604/718] 翻译: pocket
[605/718] 翻译: to want, in need of
[606/718] 翻译: mailbox; post, position
[607/718] 翻译: thin, slender, fine
[608/718] 翻译: button
[609/718] 翻译: hotel
[610/718] 翻译: book
已保存进度 (610/true)
[611/718] 翻译: counter for long cylindrical things
[612/718] 翻译: bookshelf
[613/718] 翻译: real, true
[614/718] 翻译: counter for flat things
[615/718] 翻译: every morning
[616/718] 翻译: every month, monthly
[617/718] 翻译: every week
[618/718] 翻译: every day
[619/718] 翻译: every year, yearly, annually
[620/718] 翻译: every night
已保存进度 (620/true)
[621/718] 翻译: before, in front
[622/718] 翻译: in front of ~
[623/718] 翻译: to turn, to bend
[624/718] 翻译: terrible (in reference to food), unappetizing, unpleasant (taste)
[625/718] 翻译: and; furthermore
[626/718] 翻译: yet, still, besides
[627/718] 翻译: town; city
[628/718] 翻译: to wait
[629/718] 翻译: straight (ahead), direct
[630/718] 翻译: match
已保存进度 (630/true)
[631/718] 翻译: window
[632/718] 翻译: round, circular
[633/718] 翻译: ten thousand
[634/718] 翻译: fountain pen
[635/718] 翻译: to brush (teeth); to polish
[636/718] 翻译: right hand side
[637/718] 翻译: short (length)
[638/718] 翻译: water
[639/718] 翻译: store, shop
[640/718] 翻译: to show, to display
已保存进度 (640/true)
[641/718] 翻译: road, street; way, directions
[642/718] 翻译: three days, third day of the month
[643/718] 翻译: three things
[644/718] 翻译: green
[645/718] 翻译: all of you, everyone
[646/718] 翻译: South
[647/718] 翻译: ear
[648/718] 翻译: to see, to look
[649/718] 翻译: all, everyone, everybody
[650/718] 翻译: six days; sixth day of month
已保存进度 (650/true)
[651/718] 翻译: beyond, over there
[652/718] 翻译: difficult
[653/718] 翻译: six things
[654/718] 翻译: village
[655/718] 翻译: eye(s)
[656/718] 翻译: meter
[657/718] 翻译: eye glasses
[658/718] 翻译: already; again; more
[659/718] 翻译: Thursday
[660/718] 翻译: Hello? (used on the phone)
已保存进度 (660/true)
[661/718] 翻译: to hold, to carry; to possess
[662/718] 翻译: more
[663/718] 翻译: thing (concrete object)
[664/718] 翻译: gate
[665/718] 翻译: a problem
[666/718] 翻译: ~ shop
[667/718] 翻译: greengrocer
[668/718] 翻译: vegetable
[669/718] 翻译: easy, plain, simple
[670/718] 翻译: inexpensive; cheap (things)
已保存进度 (670/true)
[671/718] 翻译: holiday; day off; absence
[672/718] 翻译: to rest, to have a break, to get time off
[673/718] 翻译: eight things
[674/718] 翻译: mountain
[675/718] 翻译: to do; to give (to pets, parents, siblings, etc.)
[676/718] 翻译: late afternoon (typically just before dinner time), evening
[677/718] 翻译: dinner, supper, evening meal
[678/718] 翻译: post office
[679/718] 翻译: last night
[680/718] 翻译: famous
已保存进度 (680/true)
[681/718] 翻译: snow
[682/718] 翻译: slowly, at ease
[683/718] 翻译: eight days; eighth day of the month
[684/718] 翻译: Western-style clothes
[685/718] 翻译: frequently, often (much); well, skillfully
[686/718] 翻译: beside; side; width
[687/718] 翻译: four days; fourth day of the month
[688/718] 翻译: four things
[689/718] 翻译: to call (one's name); to invite
[690/718] 翻译: to read
已保存进度 (690/true)
[691/718] 翻译: evening, night
[692/718] 翻译: weak
[693/718] 翻译: next month
[694/718] 翻译: next week
[695/718] 翻译: next year
[696/718] 翻译: radio
[697/718] 翻译: radio cassette player
[698/718] 翻译: splendid, fine
[699/718] 翻译: international student
[700/718] 翻译: parents (lit., both parents)
已保存进度 (700/true)
[701/718] 翻译: cooking; cuisine
[702/718] 翻译: travel, trip
[703/718] 翻译: zero, nought
[704/718] 翻译: refrigerator
[705/718] 翻译: record
[706/718] 翻译: restaurant
[707/718] 翻译: (to) practice
[708/718] 翻译: corridor
[709/718] 翻译: six
[710/718] 翻译: shirt (lit: white shirt), business shirt
已保存进度 (710/true)
[711/718] 翻译: young
[712/718] 翻译: to understand
[713/718] 翻译: to forget
[714/718] 翻译: I, myself
[715/718] 翻译: I (formal), myself, private affairs
[716/718] 翻译: to hand (something) over (v.t.); to get across
[717/718] 翻译: to cross over, to go across
[718/718] 翻译: bad, sinful; inferior

完成! 已处理 718 条翻译

所有文件处理完成!
