
开始处理文件: n1_vocab.json
总共 2699 条，需要翻译 1501 条
[223/2699] 翻译: (bank) balance, remainder
[1191/2699] 翻译: sociability
[1192/2699] 翻译: relationship
[1193/2699] 翻译: interval
[1194/2699] 翻译: dare (to do), venture (to do), challenge (to do)
[1196/2699] 翻译: dirt, filth
[1197/2699] 翻译: deficit, go in the red
[1198/2699] 翻译: to reveal; to stay up
[1199/2699] 翻译: to become red, to blush
[1200/2699] 翻译: ascent; income; completion, stop
已保存进度 (10/true)
[1201/2699] 翻译: resignation, reconciliation, consolation
[1202/2699] 翻译: (abbr.) accelerator
[1203/2699] 翻译: gaudy vicious
[1204/2699] 翻译: chin
[1205/2699] 翻译: yearning, longing, aspiration
[1207/2699] 翻译: birthmark, bruise
[1208/2699] 翻译: shameful, mean, despicable
[1209/2699] 翻译: to deceive
[1210/2699] 翻译: vivid, clear
[1211/2699] 翻译: to sneer at, to ridicule
已保存进度 (20/true)
[1212/2699] 翻译: don't take me wrong, but..., I'm sorry
[1213/2699] 翻译: flavor, relish
[1214/2699] 翻译: to be in a hurry, to be impatient
[1215/2699] 翻译: to fade, to discolor
[1216/2699] 翻译: value, price, worth
[1217/2699] 翻译: to be worth, to deserve
[1218/2699] 翻译: deterioration, worsen
[1219/2699] 翻译: treatment, service
[1220/2699] 翻译: not enough, too quick (short, long, etc.)
[1221/2699] 翻译: easily, readily, quickly
已保存进度 (30/true)
[1222/2699] 翻译: kind offices, mediation
[1223/2699] 翻译: overwhelm, overpower
[1224/2699] 翻译: pressure, coercion, oppression
[1225/2699] 翻译: to give an order, to place an order
[1226/2699] 翻译: stress, pressure
[1227/2699] 翻译: expectations; depend
[1228/2699] 翻译: for…(e.g., In a letter)
[1229/2699] 翻译: phonetic-equivalent character, substitute character
[1230/2699] 翻译: heir, successor
[1231/2699] 翻译: putting off, postponing
已保存进度 (40/true)
[1232/2699] 翻译: oil painting
[1233/2699] 翻译: approach (in golf)
[1234/2699] 翻译: contrary, opposite, inverse
[1235/2699] 翻译: to behave like a spoiled child, to fawn on
[1236/2699] 翻译: rain gear
[1237/2699] 翻译: sweet flavor
[1238/2699] 翻译: amateur
[1239/2699] 翻译: net
[1240/2699] 翻译: to manipulate, to operate, to pull strings
[1241/2699] 翻译: to fear, to have misgivings, to be doubtful
已保存进度 (50/true)
[1242/2699] 翻译: uncertain, vague, ambiguous
[1243/2699] 翻译: fault, error, indiscretion
[1244/2699] 翻译: to make a mistake
[1245/2699] 翻译: step, progress, history
[1247/2699] 翻译: in advance, previously
[1248/2699] 翻译: to damage; to invade
[1249/2699] 翻译: dispute, quarrel, conflict
[1250/2699] 翻译: to be renewed; to be formal
[1251/2699] 翻译: rough, rude
[1252/2699] 翻译: Arab
已保存进度 (60/true)
[1253/2699] 翻译: hail (e.g., falling ice balls)
[1254/2699] 翻译: state, condition
[1255/2699] 翻译: the truth, as it is, frankly
[1256/2699] 翻译: common, ordinary, routine
[1257/2699] 翻译: alkali
[1258/2699] 翻译: aluminum (Al, aluminum)
[1259/2699] 翻译: hour
[1260/2699] 翻译: to join together, to face, to unite
[1261/2699] 翻译: in all
[1262/2699] 翻译: encore
已保存进度 (70/true)
[1263/2699] 翻译: assassination
[1264/2699] 翻译: mental arithmetic
[1265/2699] 翻译: hint, suggestion
[1266/2699] 翻译: to be anxious, to ponder
[1267/2699] 翻译: rest
[1268/2699] 翻译: sure enough, as usual
[1269/2699] 翻译: random, irresponsible
[1270/2699] 翻译: excuse, explanation
[1271/2699] 翻译: yes; Jesus
[1272/2699] 翻译: running away from home
已保存进度 (80/true)
[1273/2699] 翻译: to keep something alive; to make use of
[1274/2699] 翻译: how, in what way
[1275/2699] 翻译: truly (same as 実に (じつに))
[1277/2699] 翻译: something one lives for, very important
[1278/2699] 翻译: misunderstanding, disagreement
[1279/2699] 翻译: to be enthusiastic about
[1280/2699] 翻译: rearing, training, cultivation
[1281/2699] 翻译: many, numerous
[1282/2699] 翻译: to arrange (flowers)
[1284/2699] 翻译: intention, idea, inclination
已保存进度 (90/true)
[1285/2699] 翻译: switching over to
[1286/2699] 翻译: now, come (now), crucial moment
[1287/2699] 翻译: migration, immigration
[1288/2699] 翻译: clothing, costume, outfit
[1289/2699] 翻译: to touch, to tamper with
[1290/2699] 翻译: the opposite sex
[1291/2699] 翻译: historic ruins
[1292/2699] 翻译: dependence, dependent, reliance
[1293/2699] 翻译: consign (goods (for sale) to a firm), entrust
[1294/2699] 翻译: very much, exceedingly, extremely
已保存进度 (100/true)
[1295/2699] 翻译: promotion, successful career, eminence
[1296/2699] 翻译: proposing a question
[1297/2699] 翻译: mobilization, action
[1298/2699] 翻译: expenses, disbursements
[1299/2699] 翻译: exhibit, display
[1300/2699] 翻译: main leadership
[1301/2699] 翻译: person in charge, responsible official
[1302/2699] 翻译: head, leader
[1303/2699] 翻译: defense
[1304/2699] 翻译: technique
已保存进度 (110/true)
[1305/2699] 翻译: trees and shrubs, arbor
[1306/2699] 翻译: establish, create
[1307/2699] 翻译: local express (train, slower than an express)
[1308/2699] 翻译: to follow, to conform, to apply to
[1309/2699] 翻译: department
[1310/2699] 翻译: disease
[1311/2699] 翻译: proof, certificate
[1312/2699] 翻译: young woman
[1313/2699] 翻译: superior, higher order
[1314/2699] 翻译: art performance
已保存进度 (120/true)
[1315/2699] 翻译: land near the castle
[1316/2699] 翻译: elimination, erasing
[1317/2699] 翻译: sky, high-altitude sky, upper air
[1318/2699] 翻译: shock, crash, impact, ballistic
[1319/2699] 翻译: evidence, testimony
[1320/2699] 翻译: evidence, proof
[1321/2699] 翻译: check, verification
[1322/2699] 翻译: detail, particulars
[1323/2699] 翻译: rising, ascending, climbing
[1324/2699] 翻译: promotion
已保存进度 (130/true)
[1325/2699] 翻译: to take the name of, to call oneself
[1326/2699] 翻译: state of things, condition, situation
[1327/2699] 翻译: news, letter, circumstances
[1328/2699] 翻译: consent, agreement
[1329/2699] 翻译: emotion, feeling
[1330/2699] 翻译: emotion, feeling
[1331/2699] 翻译: symbol
[1332/2699] 翻译: pediatrics
[1333/2699] 翻译: employee, servant
[1334/2699] 翻译: passion, enthusiasm, zeal
已保存进度 (140/true)
[1335/2699] 翻译: concession, conciliation, compromise
[1336/2699] 翻译: treaty, pact
[1337/2699] 翻译: victory, triumph, win
[1338/2699] 翻译: landing, disembarkation
[1339/2699] 翻译: distillation
[1340/2699] 翻译: encouragement, promotion
[1341/2699] 翻译: show
[1342/2699] 翻译: exception, exclusion
[1343/2699] 翻译: staff member, personnel
[1344/2699] 翻译: colony
已保存进度 (150/true)
[1345/2699] 翻译: professional duties
[1346/2699] 翻译: Gentlemen!, Ladies!
[1347/2699] 翻译: advice, suggestion
[1348/2699] 翻译: going slowly
[1349/2699] 翻译: whereabouts
[1350/2699] 翻译: possession, owning
[1351/2699] 翻译: attached to, belong to
[1352/2699] 翻译: treatment
[1353/2699] 翻译: always, constantly
[1354/2699] 翻译: fixed, prescribed
已保存进度 (160/true)
[1355/2699] 翻译: income
[1356/2699] 翻译: punishment
[1357/2699] 翻译: first edition
[1358/2699] 翻译: book review
[1359/2699] 翻译: disposal, dealing, punishment
[1360/2699] 翻译: masses, common people
[1361/2699] 翻译: general affairs
[1362/2699] 翻译: one's possessions, ownership
[1363/2699] 翻译: investigation, inspection
[1364/2699] 翻译: independence, self-reliance
已保存进度 (170/true)
[1365/2699] 翻译: to note, to write down
[1366/2699] 翻译: orders, instructions, directive
[1367/2699] 翻译: mind of ~
[1368/2699] 翻译: battle formation, camp, encampment
[1369/2699] 翻译: evolution, progress
[1370/2699] 翻译: personality, character
[1371/2699] 翻译: deliberation
[1372/2699] 翻译: newly-wed
[1373/2699] 翻译: judging, inspection, examination
[1374/2699] 翻译: man of talent
已保存进度 (180/true)
[1375/2699] 翻译: gentleman
[1376/2699] 翻译: truth, reality
[1377/2699] 翻译: believer, devotee
[1378/2699] 翻译: pearl
[1379/2699] 翻译: advancement
[1380/2699] 翻译: mentality
[1381/2699] 翻译: new face, newcomer
[1382/2699] 翻译: holiness, sacredness, dignity
[1383/2699] 翻译: friendship
[1384/2699] 翻译: truth, real situation
已保存进度 (190/true)
[1385/2699] 翻译: quick, fast, prompt
[1386/2699] 翻译: human body
[1387/2699] 翻译: new building, new construction
[1388/2699] 翻译: double suicide
[1389/2699] 翻译: presentation
[1390/2699] 翻译: progress, development
[1391/2699] 翻译: temple, sacred place
[1392/2699] 翻译: progress
[1393/2699] 翻译: oscillation, vibration
[1394/2699] 翻译: new student, first-year student, freshman
已保存进度 (200/true)
[1395/2699] 翻译: trust, confidence, credence
[1396/2699] 翻译: mystery
[1397/2699] 翻译: patience, endurance
[1398/2699] 翻译: people, public
[1399/2699] 翻译: aggression, invasion, raid
[1400/2699] 翻译: medical examination and treatment
[1401/2699] 翻译: essence
[1402/2699] 翻译: source of river
[1403/2699] 翻译: propulsion, driving force
[1404/2699] 翻译: playing wind instruments
已保存进度 (210/true)
[1405/2699] 翻译: guess, conjecture
[1406/2699] 翻译: (water-filled) paddy field
[1407/2699] 翻译: reasoning, inference, mystery or detective genre
[1408/2699] 翻译: numeral
[1409/2699] 翻译: worship, adoration
[1410/2699] 翻译: to install, to equip, to mount
[1411/2699] 翻译: to set, to lay, to place
[1412/2699] 翻译: fresh, refreshing
[1413/2699] 翻译: help, aid, relief
[1414/2699] 翻译: to scoop
已保存进度 (220/true)
[1415/2699] 翻译: vigorous, healthy, sound
[1416/2699] 翻译: to rinse, to wash out
[1417/2699] 翻译: progress
[1418/2699] 翻译: (trouser) cuff, (skirt) hem, cut edge of a hairdo
[1419/2699] 翻译: studio
[1420/2699] 翻译: steam
[1421/2699] 翻译: strike
[1422/2699] 翻译: (abbr.) strike
[1423/2699] 翻译: straw
[1424/2699] 翻译: stroboscope (literally: strobo, strobe lamp, stroboscopic lamp)
已保存进度 (230/true)
[1425/2699] 翻译: nimble, smart, quick
[1426/2699] 翻译: fast, quick
[1427/2699] 翻译: decisively, unreservedly, frankly
[1428/2699] 翻译: spring
[1429/2699] 翻译: space
[1430/2699] 翻译: soaked, dripping wet
[1431/2699] 翻译: sports car
[1432/2699] 翻译: to clear, to make clear, to listen for
[1433/2699] 翻译: to clear, to make clear, to listen for
[1434/2699] 翻译: to finish; to settle; to do without
已保存进度 (240/true)
[1435/2699] 翻译: speedy
[1436/2699] 翻译: slacks
[1437/2699] 翻译: in a line, in a row
[1438/2699] 翻译: dragging on, sound of sniffling
[1439/2699] 翻译: difference, gap
[1440/2699] 翻译: chance encounter
[1441/2699] 翻译: to rub, to chafe
[1442/2699] 翻译: pass with no objection, slim, slender
[1443/2699] 翻译: growth, development, breeding
[1444/2699] 翻译: growth, raising
已保存进度 (250/true)
[1445/2699] 翻译: results, fruits
[1446/2699] 翻译: correct, right answer, solution
[1447/2699] 翻译: justice, right, righteousness
[1448/2699] 翻译: livelihood, living
[1449/2699] 翻译: (political) administration, political power
[1450/2699] 翻译: constellation
[1451/2699] 翻译: restraint, sanctions, punishment
[1452/2699] 翻译: political measures, policy
[1453/2699] 翻译: life and death
[1454/2699] 翻译: stillness, repose, standing still
已保存进度 (260/true)
[1455/2699] 翻译: sincere, honest, faithful
[1456/2699] 翻译: maturity, ripeness
[1457/2699] 翻译: youth, springtime of life, adolescent
[1458/2699] 翻译: purity, innocence
[1459/2699] 翻译: Bible
[1460/2699] 翻译: normalcy, normality, normal
[1461/2699] 翻译: to control, to command
[1462/2699] 翻译: orderly, regular, well-organized
[1463/2699] 翻译: be dressed up, wear rich clothes
[1464/2699] 翻译: grand, prosperous, magnificent
已保存进度 (270/true)
[1465/2699] 翻译: good and evil, purity and impurity
[1466/2699] 翻译: enactment, establishment, creation
[1467/2699] 翻译: static
[1468/2699] 翻译: iron manufacture
[1469/2699] 翻译: fine weather
[1470/2699] 翻译: just, due, proper
[1471/2699] 翻译: uniform
[1472/2699] 翻译: conquest, subjugation, overcoming
[1473/2699] 翻译: manufacturing method, recipe, formula
[1474/2699] 翻译: precise, exact, detailed, minute
已保存进度 (280/true)
[1475/2699] 翻译: tax office
[1476/2699] 翻译: limitation, constraints
[1477/2699] 翻译: influence, power, might, strength
[1478/2699] 翻译: stand in a row, form a line
[1479/2699] 翻译: sale
[1480/2699] 翻译: to hurry, to urge on
[1481/2699] 翻译: son, my son
[1482/2699] 翻译: duty, obligation
[1483/2699] 翻译: section
[1484/2699] 翻译: flattery, compliment
已保存进度 (290/true)
[1485/2699] 翻译: household
[1486/2699] 翻译: correction, revision
[1487/2699] 翻译: generation
[1488/2699] 翻译: opening up, cutting through
[1489/2699] 翻译: sex
[1490/2699] 翻译: compelling, serious, severe, acute
[1491/2699] 翻译: touch, contact
[1492/2699] 翻译: conjunction
[1493/2699] 翻译: establishment, institution
[1494/2699] 翻译: compromise, cross, blending, eclecticism
已保存进度 (300/true)
[1495/2699] 翻译: establishment, creation
[1496/2699] 翻译: persuasion
[1497/2699] 翻译: painful, trying, sad
[1498/2699] 翻译: out of print
[1499/2699] 翻译: establishment, foundation, institution
[1500/2699] 翻译: attack, offense
[1501/2699] 翻译: jelly
[1502/2699] 翻译: ceremony
[1503/2699] 翻译: public opinion
[1504/2699] 翻译: priority, precedence, previous
已保存进度 (310/true)
[1505/2699] 翻译: fiber, fiber, textile
[1506/2699] 翻译: complete recovery of health
[1507/2699] 翻译: religious mission
[1508/2699] 翻译: declaration, proclamation, announcement
[1509/2699] 翻译: war damage
[1510/2699] 翻译: specialization
[1511/2699] 翻译: tactics
[1512/2699] 翻译: sense (for music, style, tact, etc.)
[1513/2699] 翻译: diving
[1514/2699] 翻译: height of prosperity
已保存进度 (320/true)
[1515/2699] 翻译: family predecessor, previous age, previous generation
[1516/2699] 翻译: recently, the other day
[1517/2699] 翻译: first arrival
[1518/2699] 翻译: preamble, premise, prerequisite
[1519/2699] 翻译: inherent, congenital, hereditary
[1520/2699] 翻译: future prospects, outlook, the journey ahead
[1521/2699] 翻译: battle, fight, combat
[1522/2699] 翻译: infiltration, sneaking in
[1523/2699] 翻译: ship
[1524/2699] 翻译: annihilation
已保存进度 (330/true)
[1525/2699] 翻译: exclusive use, personal use
[1526/2699] 翻译: occupation, possession, have a room to oneself
[1527/2699] 翻译: goodness, excellence, virtue
[1528/2699] 翻译: war potential
[1529/2699] 翻译: precedent
[1530/2699] 翻译: suitability, fitness
[1531/2699] 翻译: general meeting
[1532/2699] 翻译: launching (e.g., newspaper, first issue)
[1533/2699] 翻译: various kinds of small trees, assorted trees
[1534/2699] 翻译: urgent
已保存进度 (340/true)
[1535/2699] 翻译: urgent
[1536/2699] 翻译: reinforce, increase
[1537/2699] 翻译: remittance, sending money
[1538/2699] 翻译: running a wheeled vehicle (e.g., car, traveling)
[1539/2699] 翻译: synthesis, generalization
[1540/2699] 翻译: search (esp. for someone or something missing, investigation)
[1541/2699] 翻译: Minister of Finance
[1542/2699] 翻译: ornament
[1543/2699] 翻译: promoting, increase, advance
[1544/2699] 翻译: relative
已保存进度 (350/true)
[1545/2699] 翻译: magnificent, grand, majestic
[1546/2699] 翻译: strife, riot, rebellion
[1547/2699] 翻译: disaster, shipwreck, accident
[1548/2699] 翻译: market price, speculation, estimation
[1549/2699] 翻译: equipment
[1550/2699] 翻译: establishment, founding
[1551/2699] 翻译: to add to, to attach, to accompany
[1552/2699] 翻译: source
[1553/2699] 翻译: immediately, right away
[1554/2699] 翻译: promotion, acceleration, encouragement
已保存进度 (360/true)
[1555/2699] 翻译: to conform to, to agree with, to be adapted to,
[1556/2699] 翻译: restraint, restriction, confinement
[1557/2699] 翻译: side, sidelight, lateral
[1558/2699] 翻译: to harm, to hurt
[1559/2699] 翻译: everywhere, somewhere
[1560/2699] 翻译: raw materials, subject matter
[1561/2699] 翻译: obstruction, check, hindrance
[1562/2699] 翻译: litigation, lawsuit
[1563/2699] 翻译: breeding, growth
[1564/2699] 翻译: measure, step
已保存进度 (370/true)
[1565/2699] 翻译: socks
[1566/2699] 翻译: cold, short, curt, blunt
[1567/2699] 翻译: look (or turn) the other way
[1568/2699] 翻译: to provide, to equip, to install
[1569/2699] 翻译: to be furnished with
[1570/2699] 翻译: to be furnished with
[1571/2699] 翻译: to rise, to tower, to soar
[1572/2699] 翻译: simplicity, artlessness, naivety
[1573/2699] 翻译: to run counter to, to go against
[1574/2699] 翻译: to be dyed
已保存进度 (380/true)
[1575/2699] 翻译: to dye, to color
[1576/2699] 翻译: to bend, to warp
[1577/2699] 翻译: sleigh, sled
[1578/2699] 翻译: to warp, to be warped, to curve
[1579/2699] 翻译: therefore, for that reason, so
[1580/2699] 翻译: solo
[1581/2699] 翻译: set, suit, uniform
[1582/2699] 翻译: rude, careless, slovenly
[1583/2699] 翻译: loss
[1584/2699] 翻译: duration, continuance
已保存进度 (390/true)
[1585/2699] 翻译: dozen
[1586/2699] 翻译: dealing with
[1587/2699] 翻译: rich family, distinguished family
[1588/2699] 翻译: degeneration, retrogression
[1589/2699] 翻译: in general, mainly
[1590/2699] 翻译: physique, constitution
[1591/2699] 翻译: large amount of money
[1592/2699] 翻译: treatment, reception
[1593/2699] 翻译: confrontation, showdown
[1594/2699] 翻译: personal experience
已保存进度 (400/true)
[1595/2699] 翻译: opposition, antagonism
[1596/2699] 翻译: extermination
[1597/2699] 翻译: general public
[1598/2699] 翻译: deal with, cope
[1599/2699] 翻译: retirement (from office)
[1600/2699] 翻译: to title
[1601/2699] 翻译: attitude, conditions, tendency
[1602/2699] 翻译: talk, dialogue
[1603/2699] 翻译: bold, daring, audacious
[1604/2699] 翻译: equivalent
已保存进度 (410/true)
[1605/2699] 翻译: mess, spoiled, (come to) nothing
[1606/2699] 翻译: non-payment, default
[1607/2699] 翻译: contrast, comparison
[1608/2699] 翻译: typist
[1609/2699] 翻译: most (e.g., most part, greater, fairly, a good deal, much)
[1610/2699] 翻译: feces
[1611/2699] 翻译: speak for another
[1612/2699] 翻译: long-expected, waiting
[1613/2699] 翻译: libretto, scenario
[1614/2699] 翻译: timer
已保存进度 (420/true)
[1615/2699] 翻译: negligence, carelessness
[1616/2699] 翻译: timing
[1617/2699] 翻译: time
[1618/2699] 翻译: timely, run-batted-in (baseball), RBI
[1619/2699] 翻译: interview, meeting
[1620/2699] 翻译: substitution
[1621/2699] 翻译: physical strength
[1622/2699] 翻译: tile
[1623/2699] 翻译: conversation, dialogue
[1624/2699] 翻译: to endure, to put up with
已保存进度 (430/true)
[1625/2699] 翻译: to endure, to put up with
[1626/2699] 翻译: to die out, to become extinct
[1627/2699] 翻译: to cease, to become extinct
[1628/2699] 翻译: solution, breakthrough
[1629/2699] 翻译: (open) fire
[1630/2699] 翻译: compromise, giving in
[1631/2699] 翻译: burly, strong, sturdy
[1632/2699] 翻译: skill, cleverness
[1633/2699] 翻译: length, height
[1634/2699] 翻译: blow, damage; batting (baseball)
已保存进度 (440/true)
[1635/2699] 翻译: agreement
[1636/2699] 翻译: poor work
[1637/2699] 翻译: addition
[1638/2699] 翻译: majority rule
[1639/2699] 翻译: assistance
[1640/2699] 翻译: to engage, to involve
[1641/2699] 翻译: to drift about, to float, to hang in air
[1642/2699] 翻译: to leave, to depart
[1643/2699] 翻译: to stop by, to drop in for a short visit
[1644/2699] 翻译: (child's) hug
已保存进度 (450/true)
[1645/2699] 翻译: skillful, in good health
[1646/2699] 翻译: escape
[1647/2699] 翻译: to escape from, to get out
[1648/2699] 翻译: achievement
[1649/2699] 翻译: secession, withdrawal
[1650/2699] 翻译: if it's the case
[1651/2699] 翻译: to pay in advance, to pay for another
[1652/2699] 翻译: position; stance one takes in public; principle
[1653/2699] 翻译: to offer, to do respectfully
[1654/2699] 翻译: if it's the case
已保存进度 (460/true)
[1655/2699] 翻译: transitive verb (direct object)
[1656/2699] 翻译: to reach, to make it somehow
[1657/2699] 翻译: to follow (road, to pursue (course), to follow up
[1658/2699] 翻译: to tie up in a bundle, to control
[1659/2699] 翻译: loose, baggy
[1660/2699] 翻译: another side, on the other hand
[1661/2699] 翻译: busy
[1662/2699] 翻译: to receive, to grant
[1663/2699] 翻译: soul, spirit
[1664/2699] 翻译: collected things, gathering place, arrears
已保存进度 (470/true)
[1665/2699] 翻译: to grant, to bestow
[1666/2699] 翻译: to keep, to preserve, to sustain
[1667/2699] 翻译: easy, simple, light
[1668/2699] 翻译: diversity, variety
[1669/2699] 翻译: sluggish, feel heavy (tired), languid
[1670/2699] 翻译: slack, slackening
[1671/2699] 翻译: to slacken, to loosen, to relax
[1672/2699] 翻译: to hang, to droop; to drip
[1673/2699] 翻译: talent, star, personality
[1674/2699] 翻译: tower
已保存进度 (480/true)
[1675/2699] 翻译: single, simple, sole
[1676/2699] 翻译: 31-syllable Japanese poem
[1677/2699] 翻译: stretcher, litter
[1678/2699] 翻译: quick temper
[1679/2699] 翻译: unity, union, solidarity
[1680/2699] 翻译: exploration, expedition
[1681/2699] 翻译: assertion, declaration, affirmation
[1682/2699] 翻译: shortening, abbreviation, reduction
[1683/2699] 翻译: firmly, absolutely, definitely
[1684/2699] 翻译: carbon (C)
已保存进度 (490/true)
[1685/2699] 翻译: junior college
[1686/2699] 翻译: monotony, monotone, dullness
[1687/2699] 翻译: sole, single
[1688/2699] 翻译: master (of house), husband (informal)
[1689/2699] 翻译: short wave
[1690/2699] 翻译: protein
[1691/2699] 翻译: dump truck
[1692/2699] 翻译: cross section
[1693/2699] 翻译: elasticity, flexibility
[1694/2699] 翻译: public order, security
已保存进度 (500/true)
[1695/2699] 翻译: teamwork
[1696/2699] 翻译: change
[1697/2699] 翻译: to change
[1698/2699] 翻译: animal husbandry
[1699/2699] 翻译: beast, brute, damn
[1700/2699] 翻译: accumulation, accumulate, store
[1701/2699] 翻译: landform, geographical features, topography
[1702/2699] 翻译: intelligence
[1703/2699] 翻译: milk, breast, loop
[1704/2699] 翻译: to be shortened, to be contracted, to shrink
已保存进度 (510/true)
[1705/2699] 翻译: order, regularity
[1706/2699] 翻译: suffocation
[1707/2699] 翻译: intellectual
[1708/2699] 翻译: embarkation, launch
[1709/2699] 翻译: coloring, coloring
[1710/2699] 翻译: sit down, seat
[1711/2699] 翻译: attention
[1712/2699] 翻译: landing, touch down
[1713/2699] 翻译: start of (construction) work
[1714/2699] 翻译: living room (Japanese style)
已保存进度 (520/true)
[1715/2699] 翻译: tea ceremony
[1716/2699] 翻译: pamper, make a fuss of, spoil
[1717/2699] 翻译: a channel
[1718/2699] 翻译: somersault, looping-the-loop
[1719/2699] 翻译: relay, hook-up
[1720/2699] 翻译: advice, warning
[1721/2699] 翻译: slander, libel, defamation
[1722/2699] 翻译: center, mainstay, nucleus
[1723/2699] 翻译: lottery, raffle, drawing (of lots)
[1724/2699] 翻译: interruption, suspension, break
已保存进度 (530/true)
[1725/2699] 翻译: poisoning
[1726/2699] 翻译: mountain side, halfway up
[1727/2699] 翻译: neutrality
[1728/2699] 翻译: neutralize, counteract
[1729/2699] 翻译: written by ~
[1730/2699] 翻译: bowels, intestines
[1731/2699] 翻译: butterfly
[1732/2699] 翻译: super-, ultra-, hyper-
[1733/2699] 翻译: signature, sign, sealing
[1734/2699] 翻译: the sense of hearing
已保存进度 (540/true)
[1735/2699] 翻译: chief, (government) secretary
[1736/2699] 翻译: lecture attendance, auditing
[1737/2699] 翻译: collection, levy
[1738/2699] 翻译: stethoscope
[1739/2699] 翻译: arbitration, conciliation, mediation
[1740/2699] 翻译: duplication, repetition, overlapping, redundancy, restoration
[1741/2699] 翻译: long (e.g., novel, film)
[1742/2699] 翻译: convenient, useful
[1743/2699] 翻译: cooking
[1744/2699] 翻译: harmony
已保存进度 (550/true)
[1745/2699] 翻译: often, frequently, now and then, occasionally
[1746/2699] 翻译: confrontation
[1747/2699] 翻译: literary work, book
[1748/2699] 翻译: savings
[1749/2699] 翻译: intuition, instinct
[1750/2699] 翻译: well-known, noted, celebrated
[1751/2699] 翻译: at a glance, by accident
[1752/2699] 翻译: dust, dirt
[1753/2699] 翻译: dustpan
[1754/2699] 翻译: wages
已保存进度 (560/true)
[1755/2699] 翻译: precipitation, deposition, settlement
[1756/2699] 翻译: sinking, foundering
[1757/2699] 翻译: silence, reticence
[1758/2699] 翻译: exhibition, display, show
[1759/2699] 翻译: investigation, inquiry
[1760/2699] 翻译: pursuit
[1761/2699] 翻译: exile, banishment
[1762/2699] 翻译: to spend, to devote, to waste
[1763/2699] 翻译: falling, crashing
[1764/2699] 翻译: feeling keenly, fully realizing
已保存进度 (570/true)
[1765/2699] 翻译: common, normal, usual
[1766/2699] 翻译: keen, deep
[1767/2699] 翻译: cane
[1768/2699] 翻译: use
[1769/2699] 翻译: to serve, to work for
[1770/2699] 翻译: to rule, to govern, to administer
[1771/2699] 翻译: moment, brief time,
[1772/2699] 翻译: conventional, trite, common
[1773/2699] 翻译: joint, seam
[1774/2699] 翻译: to be used up, to be run out
已保存进度 (580/true)
[1775/2699] 翻译: to exhaust, to run out; to devote, to serve
[1776/2699] 翻译: completely, really
[1777/2699] 翻译: make up, structure, physique
[1778/2699] 翻译: make up, structure, physique
[1779/2699] 翻译: to mend, to repair
[1780/2699] 翻译: to add one thing to another
[1781/2699] 翻译: to inform
[1782/2699] 翻译: coherence, consistency
[1783/2699] 翻译: pipe, tube
[1784/2699] 翻译: to thrust, to strike, to attack; to poke, to nudge, to pick at
已保存进度 (590/true)
[1785/2699] 翻译: to prompt someone
[1786/2699] 翻译: to be careful, to be chaste or discreet
[1787/2699] 翻译: to support, to become stiff; to thrust (ones opponent), to stick to (ones opinion), to insist on
[1788/2699] 翻译: be equal, be fit
[1789/2699] 翻译: place of work
[1790/2699] 翻译: make an effort!, work hard!
[1791/2699] 翻译: tsunami, tidal wave
[1792/2699] 翻译: to pinch
[1793/2699] 翻译: horn
[1794/2699] 翻译: to invite, to solicit help, participation, etc
已保存进度 (600/true)
[1795/2699] 翻译: saliva, spit, sputum
[1796/2699] 翻译: to mutter, to murmur
[1797/2699] 翻译: round, rotund
[1798/2699] 翻译: to close the eyes
[1799/2699] 翻译: jar, pot, vase
[1800/2699] 翻译: bud, flower bud
[1801/2699] 翻译: to extend, to stretch out, to stand in a row
[1802/2699] 翻译: to go through
[1803/2699] 翻译: to link, to join, to put together
[1804/2699] 翻译: temple bell (for striking)
已保存进度 (610/true)
[1805/2699] 翻译: strap
[1806/2699] 翻译: allowance, compensation; treatment
[1807/2699] 翻译: definition
[1808/2699] 翻译: offer, program sponsoring
[1809/2699] 翻译: cooperation, tie-up, joint business
[1810/2699] 翻译: decency, style, form, appearance
[1811/2699] 翻译: presentation, exhibit, suggest, citation
[1812/2699] 翻译: tissue
[1813/2699] 翻译: fixed-price lunch, set meal, dinner
[1814/2699] 翻译: correction, revision
已保存进度 (620/true)
[1815/2699] 翻译: stagnation, tie-up, congestion, retention
[1816/2699] 翻译: mansion, residence
[1817/2699] 翻译: retirement age
[1818/2699] 翻译: bank, weir
[1819/2699] 翻译: being (too); belated treatment
[1820/2699] 翻译: huge
[1821/2699] 翻译: hint, clue, key
[1822/2699] 翻译: to handle, to manage, to work with
[1823/2699] 翻译: trouble, labor, handling
[1824/2699] 翻译: easy, simple, cheap
已保存进度 (630/true)
[1825/2699] 翻译: adaptation, accommodation, conformity
[1826/2699] 翻译: suitability
[1827/2699] 翻译: aptitude
[1828/2699] 翻译: boil, rash
[1829/2699] 翻译: performance, skill, tact
[1830/2699] 翻译: to happen to meet, to come across
[1831/2699] 翻译: process, procedure, protocol
[1832/2699] 翻译: handcuffs, manacles
[1833/2699] 翻译: trouble, labor, handling
[1834/2699] 翻译: decoration
已保存进度 (640/true)
[1835/2699] 翻译: near, handy, familiar
[1836/2699] 翻译: surely, certainly, beyond doubt
[1837/2699] 翻译: iron and steel
[1838/2699] 翻译: rough sketch (FRE: dessin)
[1839/2699] 翻译: to devote oneself, to believe in
[1840/2699] 翻译: top, summit, apex
[1841/2699] 翻译: iron rod, crowbar, horizontal bar (gymnastics)
[1842/2699] 翻译: adjustment, touch up
[1843/2699] 翻译: the palm
[1844/2699] 翻译: arrangement, search (by police)
已保存进度 (650/true)
[1845/2699] 翻译: arrangement, plan, program
[1846/2699] 翻译: guidance, guide, introduction
[1847/2699] 翻译: model, pattern
[1848/2699] 翻译: preparations, arrangements
[1849/2699] 翻译: (money) on hand or at home, one's purse; usual skill
[1850/2699] 翻译: demonstration
[1851/2699] 翻译: to reflect, to throw back light
[1852/2699] 翻译: telex, teletypewriter exchange
[1853/2699] 翻译: division of labor
[1855/2699] 翻译: country, rural districts
已保存进度 (660/true)
[1856/2699] 翻译: the world, whole country
[1857/2699] 翻译: revolution, rotation
[1858/2699] 翻译: consecutive holidays
[1859/2699] 翻译: range, stove
[1860/2699] 翻译: every day
[1861/2699] 翻译: solidarity
[1862/2699] 翻译: rented car
[1863/2699] 翻译: colleagues, company, a lot
[1864/2699] 翻译: X-ray (lit: Roentgen)
[1865/2699] 翻译: commonwealth, federation of states
已保存进度 (670/true)
[1866/2699] 翻译: league, union, alliance
[1867/2699] 翻译: senility, senile decay
[1868/2699] 翻译: reading aloud, recitation
[1869/2699] 翻译: waste, extravagance
[1870/2699] 翻译: labor, effort, trouble
[1871/2699] 翻译: ropeway, aerial tram
[1872/2699] 翻译: rope
[1873/2699] 翻译: satisfactory, decent
[1874/2699] 翻译: blunt, outspoken; conspicuous; broad, suggestive
[1875/2699] 翻译: romantic
已保存进度 (680/true)
[1876/2699] 翻译: discussion
[1877/2699] 翻译: logic
[1878/2699] 翻译: planet
[1879/2699] 翻译: art, technique
[1880/2699] 翻译: take the trouble (to do), doing something especially rather than incidentally
[1881/2699] 翻译: burdensome, troublesome, complicated
[1882/2699] 翻译: migratory bird, bird of passage
[1883/2699] 翻译: watt
[1884/2699] 翻译: apology
[1885/2699] 翻译: Japanese text, sentence in Japanese
已保存进度 (690/true)
[1886/2699] 翻译: straw
[1887/2699] 翻译: ~ percent
[1888/2699] 翻译: allotment, allocation, quota
[1889/2699] 翻译: to cut in, to disturb
[1890/2699] 翻译: bad fellow, rascal
[1891/2699] 翻译: me, oneself, self, ego
[1892/2699] 翻译: to make progress, to move right ahead (with the work), to advance
[1893/2699] 翻译: short-lived, momentary, ephemeral
[1894/2699] 翻译: stupid
[1895/2699] 翻译: revocation, annulment, breaking (e.g., treaty)
已保存进度 (700/true)
[1896/2699] 翻译: to tear off, to peel off, to rip off
[1897/2699] 翻译: persecution
[1898/2699] 翻译: feebleness, weakness, weak
[1899/2699] 翻译: confession
[1900/2699] 翻译: obscure, vague, equivocal
[1901/2699] 翻译: bomb
[1902/2699] 翻译: blast, explosion, blow up
[1903/2699] 翻译: disclosure, exposure, revelation
[1904/2699] 翻译: to encourage, to cheer, to raise (the voice)
[1905/2699] 翻译: to be zealous, to make an effort
已保存进度 (710/true)
[1906/2699] 翻译: to come off, to be worn off, to fade, to discolor
[1907/2699] 翻译: to disguise, to take the form of
[1908/2699] 翻译: dispatch, send
[1909/2699] 翻译: shame, embarrassment
[1910/2699] 翻译: to play (piano, guitar)
[1911/2699] 翻译: pajamas
[1912/2699] 翻译: to feel shy, to be bashful, to blush
[1913/2699] 翻译: to feel ashamed
[1914/2699] 翻译: bridge building', mediation
[1915/2699] 翻译: to bounce, to be encouraged, to splurge on
已保存进度 (720/true)
[1916/2699] 翻译: damage
[1917/2699] 翻译: to strike, to clap, to dust, to beat
[1918/2699] 翻译: barefoot
[1919/2699] 翻译: to accomplish, to fulfill, to carry out, to achieve
[1920/2699] 翻译: honey
[1921/2699] 翻译: pachinko (Japanese pinball)
[1922/2699] 翻译: punishment, penalty
[1923/2699] 翻译: (physical) growth, development
[1924/2699] 翻译: germination
[1925/2699] 翻译: excavation, exhumation; discovery (e.g., new talent)
已保存进度 (730/true)
[1926/2699] 翻译: utterance, speech, proposal
[1927/2699] 翻译: badge
[1928/2699] 翻译: outbreak, spring forth, occurrence
[1929/2699] 翻译: to tailor, to make, to prepare
[1930/2699] 翻译: trade in, part exchange
[1931/2699] 翻译: burning low, waning, declining
[1932/2699] 翻译: fruit, good result
[1933/2699] 翻译: (one's parents') home
[1934/2699] 翻译: disqualification, elimination, incapacity (legal)
[1935/2699] 翻译: question
已保存进度 (740/true)
[1936/2699] 翻译: losing one's standing, being overthrown, falling
[1937/2699] 翻译: industrialist, businessman
[1938/2699] 翻译: chic
[1939/2699] 翻译: deliberately, carefully
[1940/2699] 翻译: discipline, training
[1941/2699] 翻译: to discipline, to teach manners
[1942/2699] 翻译: practice, put into practice
[1943/2699] 翻译: simplicity, modesty, frugality
[1944/2699] 翻译: truth, fact
[1945/2699] 翻译: lack of harmony, imbalance
已保存进度 (750/true)
[1946/2699] 翻译: jealousy
[1947/2699] 翻译: actual expense, cost price
[1948/2699] 翻译: pointing out, identification
[1949/2699] 翻译: rotation, spin
[1950/2699] 翻译: auxiliary verb
[1951/2699] 翻译: graceful
